<?xml version="1.0" encoding="UTF-8" ?>
<testsuite errors="0" failures="0" hostname="hasobe.local" name="PointDateBeanTest" skipped="0" tests="4" time="0.428" timestamp="2024-09-13T15:26:10">
  <properties>
    <property name="ant.library.dir" value="/opt/homebrew/Cellar/ant/1.10.15/libexec/lib" />
    <property name="ant.file.type" value="file" />
    <property name="java.specification.version" value="22" />
    <property name="ant.project.name" value="Web3Lab" />
    <property name="sun.jnu.encoding" value="UTF-8" />
    <property name="test.src.dir" value="test" />
    <property name="ant.file.type.Web3Lab" value="file" />
    <property name="java.class.path" value="/Users/watankhatib/Desktop/2univirsity/webprog/lab3/WebLab3/lib/cdi-api-2.0.jar:/Users/watankhatib/Desktop/2univirsity/webprog/lab3/WebLab3/lib/checker-qual-3.42.0.jar:/Users/watankhatib/Desktop/2univirsity/webprog/lab3/WebLab3/lib/eclipselink-3.0.0-M1.jar:/Users/watankhatib/Desktop/2univirsity/webprog/lab3/WebLab3/lib/hamcrest-core-1.3.jar:/Users/watankhatib/Desktop/2univirsity/webprog/lab3/WebLab3/lib/javaee-web-api-8.0.1.jar:/Users/watankhatib/Desktop/2univirsity/webprog/lab3/WebLab3/lib/javax.annotation-api-1.2.jar:/Users/watankhatib/Desktop/2univirsity/webprog/lab3/WebLab3/lib/javax.inject-1.jar:/Users/watankhatib/Desktop/2univirsity/webprog/lab3/WebLab3/lib/jsch-0.1.55.jar:/Users/watankhatib/Desktop/2univirsity/webprog/lab3/WebLab3/lib/jsf-api-2.2.20.jar:/Users/watankhatib/Desktop/2univirsity/webprog/lab3/WebLab3/lib/jsf-impl-2.2.18.jar:/Users/watankhatib/Desktop/2univirsity/webprog/lab3/WebLab3/lib/junit-4.13.2.jar:/Users/watankhatib/Desktop/2univirsity/webprog/lab3/WebLab3/lib/lombok-1.18.24.jar:/Users/watankhatib/Desktop/2univirsity/webprog/lab3/WebLab3/lib/postgresql-42.7.2.jar:/Users/watankhatib/Desktop/2univirsity/webprog/lab3/WebLab3/lib/primefaces-8.0.jar:/Users/watankhatib/Desktop/2univirsity/webprog/lab3/WebLab3/lib/validation-api-1.1.0.Final.jar:/Users/watankhatib/Desktop/2univirsity/webprog/lab3/WebLab3/src/main/resources:/Users/watankhatib/Desktop/2univirsity/webprog/lab3/WebLab3/build/classes:/Users/watankhatib/Desktop/2univirsity/webprog/lab3/WebLab3/build/test-classes:/opt/homebrew/Cellar/ant/1.10.15/libexec/lib/ant-launcher.jar:/opt/homebrew/Cellar/ant/1.10.15/libexec/lib/ant.jar:/opt/homebrew/Cellar/ant/1.10.15/libexec/lib/ant-junit.jar:/opt/homebrew/Cellar/ant/1.10.15/libexec/lib/ant-junit4.jar" />
    <property name="java.vm.vendor" value="Homebrew" />
    <property name="sun.arch.data.model" value="64" />
    <property name="java.vendor.url" value="https://github.com/Homebrew/homebrew-core/issues" />
    <property name="resources.dir" value="src/main/resources" />
    <property name="os.name" value="Mac OS X" />
    <property name="java.vm.specification.version" value="22" />
    <property name="sun.java.launcher" value="SUN_STANDARD" />
    <property name="user.country" value="RU" />
    <property name="sun.boot.library.path" value="/opt/homebrew/Cellar/openjdk/22.0.2/libexec/openjdk.jdk/Contents/Home/lib" />
    <property name="sun.java.command" value="org.apache.tools.ant.taskdefs.optional.junit.JUnitTestRunner PointDateBeanTest skipNonTests=false filtertrace=true haltOnError=false haltOnFailure=true formatter=org.apache.tools.ant.taskdefs.optional.junit.SummaryJUnitResultFormatter showoutput=false outputtoformatters=true logfailedtests=true threadid=0 logtestlistenerevents=false formatter=org.apache.tools.ant.taskdefs.optional.junit.PlainJUnitResultFormatter,/Users/watankhatib/Desktop/2univirsity/webprog/lab3/WebLab3/TEST-PointDateBeanTest.txt formatter=org.apache.tools.ant.taskdefs.optional.junit.XMLJUnitResultFormatter,/Users/watankhatib/Desktop/2univirsity/webprog/lab3/WebLab3/TEST-PointDateBeanTest.xml crashfile=/Users/watankhatib/Desktop/2univirsity/webprog/lab3/WebLab3/junitvmwatcher14015172872492313633.properties propsfile=/Users/watankhatib/Desktop/2univirsity/webprog/lab3/WebLab3/junit18441622384260347031.properties" />
    <property name="test.classes.dir" value="build/test-classes" />
    <property name="http.nonProxyHosts" value="local|*.local|169.254/16|*.169.254/16" />
    <property name="jdk.debug" value="release" />
    <property name="sun.cpu.endian" value="little" />
    <property name="user.home" value="/Users/watankhatib" />
    <property name="user.language" value="en" />
    <property name="java.specification.vendor" value="Oracle Corporation" />
    <property name="java.version.date" value="2024-07-16" />
    <property name="java.home" value="/opt/homebrew/Cellar/openjdk/22.0.2/libexec/openjdk.jdk/Contents/Home" />
    <property name="basedir" value="/Users/watankhatib/Desktop/2univirsity/webprog/lab3/WebLab3" />
    <property name="hamcrest.jar" value="lib/hamcrest-core-1.3.jar" />
    <property name="file.separator" value="/" />
    <property name="java.vm.compressedOopsMode" value="Zero based" />
    <property name="line.separator" value="&#xa;" />
    <property name="ant.java.version" value="22" />
    <property name="java.specification.name" value="Java Platform API Specification" />
    <property name="java.vm.specification.vendor" value="Oracle Corporation" />
    <property name="jsf.api.jar" value="lib/jsf-api-2.2.20.jar" />
    <property name="apple.awt.application.name" value="JUnitTestRunner" />
    <property name="jsf.impl.jar" value="lib/jsf-impl-2.2.18.jar" />
    <property name="inject.jar" value="lib/javax.inject-1.jar" />
    <property name="sun.management.compiler" value="HotSpot 64-Bit Tiered Compilers" />
    <property name="ftp.nonProxyHosts" value="local|*.local|169.254/16|*.169.254/16" />
    <property name="java.runtime.version" value="22.0.2" />
    <property name="user.name" value="watankhatib" />
    <property name="jve.api.jar" value="lib/javaee-web-api-8.0.1.jar" />
    <property name="junit.jar" value="lib/junit-4.13.2.jar" />
    <property name="checker.qual.jar" value="lib/checker-qual-3.42.0.jar" />
    <property name="ant.file" value="/Users/watankhatib/Desktop/2univirsity/webprog/lab3/WebLab3/build.xml" />
    <property name="stdout.encoding" value="UTF-8" />
    <property name="path.separator" value=":" />
    <property name="os.version" value="14.2.1" />
    <property name="eclipselink.jar" value="lib/eclipselink-3.0.0-M1.jar" />
    <property name="java.runtime.name" value="OpenJDK Runtime Environment" />
    <property name="annotation.jar" value="lib/javax.annotation-api-1.2.jar" />
    <property name="file.encoding" value="UTF-8" />
    <property name="ant.project.invoked-targets" value="test" />
    <property name="java.vm.name" value="OpenJDK 64-Bit Server VM" />
    <property name="java.vendor.version" value="Homebrew" />
    <property name="cdi.jar" value="lib/cdi-api-2.0.jar" />
    <property name="build.dir" value="build" />
    <property name="ant.core.lib" value="/opt/homebrew/Cellar/ant/1.10.15/libexec/lib/ant.jar" />
    <property name="java.vendor.url.bug" value="https://github.com/Homebrew/homebrew-core/issues" />
    <property name="java.io.tmpdir" value="/var/folders/_5/69vqjddn3pz9s9dsv4v067bh0000gn/T/" />
    <property name="java.version" value="22.0.2" />
    <property name="user.dir" value="/Users/watankhatib/Desktop/2univirsity/webprog/lab3/WebLab3" />
    <property name="os.arch" value="aarch64" />
    <property name="java.vm.specification.name" value="Java Virtual Machine Specification" />
    <property name="postgresql.jar" value="lib/postgresql-42.7.2.jar" />
    <property name="ant.home" value="/opt/homebrew/Cellar/ant/1.10.15/libexec" />
    <property name="lib.dir" value="lib" />
    <property name="lombok.jar" value="lib/lombok-1.18.24.jar" />
    <property name="ant.file.Web3Lab" value="/Users/watankhatib/Desktop/2univirsity/webprog/lab3/WebLab3/build.xml" />
    <property name="native.encoding" value="UTF-8" />
    <property name="jsch.jar" value="lib/jsch-0.1.55.jar" />
    <property name="ant.version" value="Apache Ant(TM) version 1.10.15 compiled on August 25 2024" />
    <property name="java.library.path" value="/Users/watankhatib/Library/Java/Extensions:/Library/Java/Extensions:/Network/Library/Java/Extensions:/System/Library/Java/Extensions:/usr/lib/java:." />
    <property name="java.vendor" value="Homebrew" />
    <property name="stderr.encoding" value="UTF-8" />
    <property name="java.vm.info" value="mixed mode, sharing" />
    <property name="validation.api.jar" value="lib/validation-api-1.1.0.Final.jar" />
    <property name="java.vm.version" value="22.0.2" />
    <property name="classes.dir" value="build/classes" />
    <property name="sun.io.unicode.encoding" value="UnicodeBig" />
    <property name="java.class.version" value="66.0" />
    <property name="socksNonProxyHosts" value="local|*.local|169.254/16|*.169.254/16" />
    <property name="src.dir" value="src/main/java" />
    <property name="ant.project.default-target" value="build" />
  </properties>
  <testcase classname="PointDateBeanTest" name="testGetPointsTableNotNull" time="0.161" />
  <testcase classname="PointDateBeanTest" name="testSetNewPoint" time="0.0" />
  <testcase classname="PointDateBeanTest" name="testDoCode" time="0.029" />
  <testcase classname="PointDateBeanTest" name="testNewPointNotNull" time="0.001" />
  <system-out><![CDATA[try to connect
Successfully connected to: pg
x-> 10.0
this is the point -> 10.0
try to connect
Successfully connected to: pg
]]></system-out>
  <system-err><![CDATA[]]></system-err>
</testsuite>
